<?xml version="1.0" encoding="UTF-8"?>
<testsuite xmlns:xsi="http://www.w3.org/2001/XMLSchema-instance" xsi:noNamespaceSchemaLocation="https://maven.apache.org/surefire/maven-surefire-plugin/xsd/surefire-test-report-3.0.xsd" version="3.0" name="edu.yu.cs.com1320.project.stage1.DocumentStoreAPITest" time="0.019" tests="6" errors="0" skipped="0" failures="0">
  <properties>
[...]
</properties>
  <testcase name="subClassCount" classname="edu.yu.cs.com1320.project.stage1.DocumentStoreAPITest" time="0"/>
  <testcase name="deleteDocumentExists" classname="edu.yu.cs.com1320.project.stage1.DocumentStoreAPITest" time="0"/>
  <testcase name="fieldCount" classname="edu.yu.cs.com1320.project.stage1.DocumentStoreAPITest" time="0.001"/>
  <testcase name="putDocumentExists" classname="edu.yu.cs.com1320.project.stage1.DocumentStoreAPITest" time="0.014"/>
  <testcase name="getDocumentExists" classname="edu.yu.cs.com1320.project.stage1.DocumentStoreAPITest" time="0.001"/>
  <testcase name="constructorExists" classname="edu.yu.cs.com1320.project.stage1.DocumentStoreAPITest" time="0"/>
</testsuite>